TN:
SF:script/DeployArtBlockVoting.s.sol
FN:8,DeployMainEngine.run
FNDA:0,DeployMainEngine.run
DA:9,0
DA:12,0
FNF:1
FNH:0
LF:2
LH:0
BRF:0
BRH:0
end_of_record
TN:
SF:script/DeployMainEngine.s.sol
FN:9,DeployMainEngine.run
FNDA:20,DeployMainEngine.run
DA:10,20
DA:11,20
DA:12,20
DA:13,20
DA:14,20
FNF:1
FNH:1
LF:5
LH:5
BRF:0
BRH:0
end_of_record
TN:
SF:src/ARTBlockVoting.sol
FN:77,VotingContract.onlyMainEngine
FNDA:6,VotingContract.onlyMainEngine
DA:78,6
BRDA:78,0,0,-
BRDA:78,0,1,6
FN:89,VotingContract.
FNDA:0,VotingContract.
DA:90,0
DA:91,0
FN:100,VotingContract.voteForProduct
FNDA:1346,VotingContract.voteForProduct
DA:101,1346
BRDA:101,1,0,-
BRDA:101,1,1,1346
DA:102,0
DA:105,1346
BRDA:105,2,0,-
BRDA:105,2,1,1346
DA:106,0
DA:109,1346
BRDA:109,3,0,726
BRDA:109,3,1,620
DA:110,726
DA:112,620
DA:114,1346
FN:121,VotingContract.calculateVotingResult
FNDA:6,VotingContract.calculateVotingResult
DA:122,6
DA:124,6
BRDA:124,4,0,-
BRDA:124,4,1,6
DA:125,0
DA:128,6
BRDA:128,5,0,1
BRDA:128,5,1,5
DA:129,1
DA:132,5
BRDA:132,6,0,3
BRDA:132,6,1,5
DA:133,3
FN:147,VotingContract.calculateVoteWeight
FNDA:2661,VotingContract.calculateVoteWeight
DA:148,2661
DA:149,2661
DA:150,2661
DA:152,2661
DA:154,2661
FN:161,VotingContract.getProductVotingInfo
FNDA:529,VotingContract.getProductVotingInfo
DA:162,529
FN:165,VotingContract.getVotingDuration
FNDA:2,VotingContract.getVotingDuration
DA:166,2
FN:169,VotingContract.isApproved
FNDA:5,VotingContract.isApproved
DA:170,5
FN:173,VotingContract.getVotingWeight
FNDA:1315,VotingContract.getVotingWeight
DA:174,1315
FNF:9
FNH:8
LF:27
LH:22
BRF:14
BRH:10
end_of_record
TN:
SF:src/ArtBlockAMM.sol
FN:19,CPAMM.
FNDA:0,CPAMM.
DA:20,0
DA:21,0
FN:24,CPAMM._mint
FNDA:0,CPAMM._mint
DA:25,0
DA:26,0
FN:29,CPAMM._burn
FNDA:0,CPAMM._burn
DA:30,0
DA:31,0
FN:34,CPAMM._update
FNDA:0,CPAMM._update
DA:35,0
DA:36,0
FN:39,CPAMM.swap
FNDA:0,CPAMM.swap
DA:40,0
BRDA:40,0,0,-
BRDA:40,0,1,-
DA:41,0
BRDA:41,1,0,-
BRDA:41,1,1,-
DA:43,0
DA:44,0
DA:45,0
DA:47,0
DA:50,0
DA:51,0
DA:53,0
DA:55,0
FN:58,CPAMM.addLiquidity
FNDA:0,CPAMM.addLiquidity
DA:59,0
DA:60,0
DA:62,0
BRDA:62,2,0,-
BRDA:62,2,1,-
DA:63,0
BRDA:63,3,0,-
BRDA:63,3,1,-
DA:66,0
BRDA:66,4,0,-
BRDA:66,4,1,-
DA:67,0
DA:69,0
DA:71,0
BRDA:71,5,0,-
BRDA:71,5,1,-
DA:72,0
DA:74,0
FN:77,CPAMM.removeLiquidity
FNDA:0,CPAMM.removeLiquidity
DA:78,0
DA:79,0
DA:81,0
DA:82,0
DA:83,0
BRDA:83,6,0,-
BRDA:83,6,1,-
DA:85,0
DA:86,0
DA:88,0
DA:89,0
FN:92,CPAMM._sqrt
FNDA:0,CPAMM._sqrt
DA:93,0
BRDA:93,7,0,-
BRDA:93,7,1,-
DA:94,0
DA:95,0
DA:96,0
DA:97,0
DA:98,0
DA:100,0
BRDA:100,8,0,-
BRDA:100,8,1,-
DA:101,0
FN:105,CPAMM._min
FNDA:0,CPAMM._min
DA:106,0
FNF:9
FNH:0
LF:46
LH:0
BRF:18
BRH:0
end_of_record
TN:
SF:src/ArtBlockGovernance.sol
FN:71,ArtBlockGovernance.onlyMainEngine
FNDA:0,ArtBlockGovernance.onlyMainEngine
DA:72,0
BRDA:72,0,0,-
BRDA:72,0,1,-
DA:73,0
FN:78,ArtBlockGovernance.onlyCommunityMember
FNDA:0,ArtBlockGovernance.onlyCommunityMember
DA:79,0
BRDA:79,1,0,-
BRDA:79,1,1,-
DA:80,0
FN:89,ArtBlockGovernance.
FNDA:0,ArtBlockGovernance.
DA:90,0
DA:91,0
FN:104,ArtBlockGovernance.proposeRateChange
FNDA:0,ArtBlockGovernance.proposeRateChange
DA:112,0
BRDA:112,2,0,-
BRDA:112,2,1,-
DA:113,0
DA:116,0
BRDA:116,3,0,-
BRDA:116,3,1,-
DA:117,0
DA:120,0
DA:121,0
FN:131,ArtBlockGovernance.voteOnRateChange
FNDA:0,ArtBlockGovernance.voteOnRateChange
DA:132,0
BRDA:132,4,0,-
BRDA:132,4,1,-
DA:133,0
DA:136,0
BRDA:136,5,0,-
BRDA:136,5,1,-
DA:137,0
DA:139,0
BRDA:139,6,0,-
BRDA:139,6,1,-
DA:140,0
DA:143,0
DA:144,0
BRDA:144,7,0,-
BRDA:144,7,1,-
DA:145,0
DA:148,0
FN:157,ArtBlockGovernance.finalizeRateChange
FNDA:0,ArtBlockGovernance.finalizeRateChange
DA:158,0
BRDA:158,8,0,-
BRDA:158,8,1,-
DA:159,0
DA:163,0
BRDA:163,9,0,-
BRDA:163,9,1,-
DA:164,0
DA:167,0
DA:168,0
DA:169,0
DA:171,0
BRDA:171,10,0,-
BRDA:171,10,1,-
DA:172,0
DA:175,0
DA:177,0
FN:185,ArtBlockGovernance.updateCommunityTokenRate
FNDA:0,ArtBlockGovernance.updateCommunityTokenRate
DA:186,0
DA:187,0
FN:202,ArtBlockGovernance.initializeRateChangeProposal
FNDA:0,ArtBlockGovernance.initializeRateChangeProposal
DA:211,0
DA:212,0
DA:213,0
DA:214,0
DA:215,0
DA:216,0
FN:225,ArtBlockGovernance.calculateVoteWeight
FNDA:0,ArtBlockGovernance.calculateVoteWeight
DA:226,0
DA:227,0
DA:228,0
DA:229,0
DA:230,0
FN:242,ArtBlockGovernance.getCommunityTokenRate
FNDA:0,ArtBlockGovernance.getCommunityTokenRate
DA:243,0
FN:251,ArtBlockGovernance.isReadyForRateChange
FNDA:0,ArtBlockGovernance.isReadyForRateChange
DA:252,0
FN:260,ArtBlockGovernance.isReadyToInitiateRateChange
FNDA:0,ArtBlockGovernance.isReadyToInitiateRateChange
DA:261,0
DA:262,0
FNF:12
FNH:0
LF:50
LH:0
BRF:22
BRH:0
end_of_record
TN:
SF:src/ArtBlockNFT.sol
FN:15,ArtBlockNFT.
FNDA:0,ArtBlockNFT.
FN:17,ArtBlockNFT.safeMint
FNDA:0,ArtBlockNFT.safeMint
DA:18,0
DA:19,0
DA:20,0
DA:21,0
FN:24,ArtBlockNFT.safeTransfer
FNDA:0,ArtBlockNFT.safeTransfer
DA:25,0
FN:28,ArtBlockNFT.getTokenId
FNDA:0,ArtBlockNFT.getTokenId
DA:29,0
FN:34,ArtBlockNFT._update
FNDA:0,ArtBlockNFT._update
DA:43,0
FN:46,ArtBlockNFT._increaseBalance
FNDA:0,ArtBlockNFT._increaseBalance
DA:47,0
FN:50,ArtBlockNFT.tokenURI
FNDA:0,ArtBlockNFT.tokenURI
DA:51,0
FN:54,ArtBlockNFT.supportsInterface
FNDA:0,ArtBlockNFT.supportsInterface
DA:60,0
FNF:8
FNH:0
LF:10
LH:0
BRF:0
BRH:0
end_of_record
TN:
SF:src/CustomERC20Token.sol
FN:40,CustomERC20Token.onlyMainEngine
FNDA:5505,CustomERC20Token.onlyMainEngine
DA:41,5505
BRDA:41,0,0,-
BRDA:41,0,1,-
DA:42,0
FN:57,CustomERC20Token.
FNDA:609,CustomERC20Token.
DA:58,558
FN:68,CustomERC20Token.mint
FNDA:5505,CustomERC20Token.mint
DA:69,5505
FN:79,CustomERC20Token.burnFrom
FNDA:0,CustomERC20Token.burnFrom
DA:80,0
FN:88,CustomERC20Token.decimals
FNDA:0,CustomERC20Token.decimals
DA:89,0
FNF:5
FNH:3
LF:6
LH:3
BRF:2
BRH:0
end_of_record
TN:
SF:src/MainEngine.sol
FN:158,MainEngine.onlyDeployer
FNDA:0,MainEngine.onlyDeployer
DA:159,0
BRDA:159,0,0,-
BRDA:159,0,1,-
FN:164,MainEngine.productExists
FNDA:0,MainEngine.productExists
DA:165,0
BRDA:165,1,0,-
BRDA:165,1,1,-
DA:166,0
FN:172,MainEngine.productIsApproved
FNDA:0,MainEngine.productIsApproved
DA:173,0
BRDA:173,2,0,-
BRDA:173,2,1,-
DA:174,0
FN:180,MainEngine.votingTimePassed
FNDA:2,MainEngine.votingTimePassed
DA:182,2
BRDA:181,3,0,-
BRDA:181,3,1,-
DA:185,0
FN:190,MainEngine.isOwner
FNDA:0,MainEngine.isOwner
DA:191,0
BRDA:191,4,0,-
BRDA:191,4,1,-
DA:192,0
FN:197,MainEngine.hasEnoughBalanceToBuy
FNDA:0,MainEngine.hasEnoughBalanceToBuy
DA:198,0
BRDA:198,5,0,-
BRDA:198,5,1,-
DA:199,0
FN:204,MainEngine.canPostProductToSell
FNDA:0,MainEngine.canPostProductToSell
DA:205,0
BRDA:205,6,0,-
BRDA:205,6,1,-
DA:206,0
DA:208,0
BRDA:208,7,0,-
BRDA:208,7,1,-
DA:209,0
DA:211,0
BRDA:211,8,0,-
BRDA:211,8,1,-
DA:212,0
FN:225,MainEngine.
FNDA:0,MainEngine.
DA:226,0
DA:227,0
FN:242,MainEngine.createCommunity
FNDA:542,MainEngine.createCommunity
DA:253,542
BRDA:253,9,0,1
BRDA:253,9,1,541
DA:254,1
DA:256,541
DA:257,541
DA:258,541
DA:259,541
DA:261,541
DA:262,541
DA:263,541
FN:270,MainEngine.joinCommunity
FNDA:1358,MainEngine.joinCommunity
DA:272,1358
BRDA:272,10,0,-
BRDA:272,10,1,1358
DA:273,0
DA:275,1358
BRDA:275,11,0,1
BRDA:275,11,1,1357
DA:276,1
DA:278,1357
DA:279,1357
DA:280,1357
DA:282,1357
FN:290,MainEngine.buyArtBlockToken
FNDA:3762,MainEngine.buyArtBlockToken
DA:291,3762
DA:292,3762
DA:293,3762
BRDA:293,12,0,-
BRDA:293,12,1,3762
DA:294,0
DA:297,3762
DA:299,3762
DA:301,3762
BRDA:301,13,0,-
BRDA:301,13,1,3762
DA:302,0
DA:305,3762
FN:314,MainEngine.buyCommunityToken
FNDA:1743,MainEngine.buyCommunityToken
DA:315,1743
DA:316,1743
BRDA:316,14,0,-
BRDA:316,14,1,1743
DA:317,0
DA:320,1743
DA:321,1743
FN:331,MainEngine.submitNewProduct
FNDA:397,MainEngine.submitNewProduct
DA:335,397
BRDA:335,15,0,-
BRDA:335,15,1,397
DA:336,0
DA:340,397
DA:342,397
BRDA:342,16,0,-
BRDA:342,16,1,397
DA:344,397
DA:352,397
DA:354,397
DA:362,397
DA:372,397
DA:374,397
FN:382,MainEngine.checkProductApprovalStatus
FNDA:3,MainEngine.checkProductApprovalStatus
DA:383,3
DA:384,3
FN:391,MainEngine.returnStackedAmount
FNDA:2,MainEngine.returnStackedAmount
DA:392,2
DA:393,2
BRDA:393,17,0,1
BRDA:393,17,1,1
DA:394,2
BRDA:394,18,0,1
BRDA:394,18,1,1
DA:395,1
DA:396,1
DA:398,1
DA:400,2
FN:408,MainEngine.returnStake
FNDA:1,MainEngine.returnStake
DA:409,1
FN:418,MainEngine.returnStakeHalf
FNDA:1,MainEngine.returnStakeHalf
DA:419,1
DA:420,1
FN:430,MainEngine.canCalculateVotingResult
FNDA:0,MainEngine.canCalculateVotingResult
DA:431,0
DA:432,0
DA:433,0
FN:444,MainEngine.listProductToMarketPlace
FNDA:0,MainEngine.listProductToMarketPlace
DA:454,0
DA:455,0
BRDA:455,19,0,-
BRDA:455,19,1,-
DA:456,0
BRDA:456,20,0,-
BRDA:456,20,1,-
DA:457,0
DA:459,0
DA:460,0
FN:469,MainEngine.buyProduct
FNDA:0,MainEngine.buyProduct
DA:478,0
DA:479,0
BRDA:479,21,0,-
BRDA:479,21,1,-
DA:480,0
BRDA:480,22,0,-
BRDA:480,22,1,-
DA:481,0
DA:482,0
DA:486,0
DA:489,0
BRDA:489,23,0,-
BRDA:489,23,1,-
DA:490,0
DA:495,0
DA:496,0
DA:497,0
DA:499,0
DA:500,0
FN:509,MainEngine.sellProdToComm
FNDA:0,MainEngine.sellProdToComm
DA:520,0
BRDA:520,24,0,-
BRDA:520,24,1,-
DA:521,0
DA:524,0
DA:526,0
DA:527,0
DA:528,0
DA:531,0
FN:544,MainEngine.getStackAmountFromPrice
FNDA:397,MainEngine.getStackAmountFromPrice
DA:545,397
BRDA:545,25,0,397
BRDA:545,25,1,-
DA:546,397
DA:549,0
FN:560,MainEngine.increasePoints
FNDA:0,MainEngine.increasePoints
DA:561,0
DA:562,0
FN:570,MainEngine.calculateRateAdjustment
FNDA:3360,MainEngine.calculateRateAdjustment
DA:571,3360
DA:572,3360
DA:573,3360
DA:575,3360
BRDA:575,26,0,-
BRDA:575,26,1,3360
DA:576,0
DA:578,3360
FN:589,MainEngine.setVotingContract
FNDA:20,MainEngine.setVotingContract
DA:590,20
FN:597,MainEngine.setGovernanceContract
FNDA:0,MainEngine.setGovernanceContract
DA:598,0
FN:605,MainEngine.setNFTContract
FNDA:0,MainEngine.setNFTContract
DA:606,0
FN:617,MainEngine.getTokenAddress
FNDA:40,MainEngine.getTokenAddress
DA:618,40
FN:625,MainEngine.getCreatorProtocol
FNDA:2,MainEngine.getCreatorProtocol
DA:626,2
FN:635,MainEngine.isCommunityMembr
FNDA:0,MainEngine.isCommunityMembr
DA:636,0
FN:644,MainEngine.getProductBaseInfo
FNDA:135,MainEngine.getProductBaseInfo
DA:645,135
BRDA:645,27,0,-
BRDA:645,27,1,135
DA:646,135
FN:649,MainEngine.getTotalMemberOfCommunity
FNDA:0,MainEngine.getTotalMemberOfCommunity
DA:650,0
FN:653,MainEngine.getUserActivityPoints
FNDA:0,MainEngine.getUserActivityPoints
DA:654,0
FN:657,MainEngine.getCommunityActivityPoints
FNDA:0,MainEngine.getCommunityActivityPoints
DA:658,0
FN:661,MainEngine.getCommunityCreationFee
FNDA:270,MainEngine.getCommunityCreationFee
DA:662,270
FN:665,MainEngine.getArtBlockRate
FNDA:4303,MainEngine.getArtBlockRate
DA:666,8065
DA:667,8065
FN:670,MainEngine.getProductStatus
FNDA:1346,MainEngine.getProductStatus
DA:671,1346
FN:674,MainEngine.getProductSubmittedTime
FNDA:6,MainEngine.getProductSubmittedTime
DA:675,6
FN:678,MainEngine.getCommunityTokenCost
FNDA:1617,MainEngine.getCommunityTokenCost
DA:679,3360
DA:680,3360
DA:681,3360
DA:683,3360
DA:684,3360
DA:686,3360
FNF:39
FNH:21
LF:134
LH:72
BRF:56
BRH:17
end_of_record
